***********************************************************************
*
*	CODE GENERATION LISTING FOR: HS1527
*	COMPILER VERSION: 3.0.0.0
*
***********************************************************************

**************************************************
	CODE GENERATOR SUBROUTINES
**************************************************

$$MOD:
005BA0B0  FB90 F3F1		sdiv r3, r0, r1
005BA0B4  4359     		mul r1, r1, r3
005BA0B6  EBC1 0000		rsb r0, r1, r0
005BA0BA  4770     		bx lr

$$MOD_U:
005BA0BC  FBB0 F3F1		udiv r3, r0, r1
005BA0C0  4359     		mul r1, r1, r3
005BA0C2  EBC1 0000		rsb r0, r1, r0
005BA0C6  4770     		bx lr

**************************************************
	List function block: HS1527Decoding
**************************************************

FUNCTION_BLOCK HS1527Decoding

        VAR_INPUT
RFSignal : BOOL;	{ DE:"RF signal" }
	END_VAR

        VAR_OUTPUT
CodeOk : BOOL;	{ DE:"Code Ok" }
Code : UDINT;	{ DE:"Received code" }
	END_VAR

        VAR
Pattern : DWORD;	{ DE:"Data pattern" }
LowTm : UDINT;	{ DE:"RF signal Low time" }
HighTm : UDINT;	{ DE:"RF signal High time" }
BitCount : USINT;	{ DE:"Bit counter" }
Sync : BOOL;	{ DE:"Sync received" }
Pulse : BOOL;	{ DE:"Pulse" }
Cycles : UDINT;	{ DE:"Cycle counter" }
TimeBf : UDINT;	{ DE:"Time buffer (uS)" }
	END_VAR

END_FUNCTION_BLOCK

005BA0C8  E92D 4040		stmdb sp!, { r6, lr }
005BA0CC  462E     		mov r6, r5

#0		{SRC:HS1527Decoding}
#1
#2
#3
#4		{L:25}
(*) 
005BA0CE  2000     		mov r0, #0 ; 0
005BA0D0  F8DF 7228		ldr r7, [pc, #+552] ; 0x19
005BA0D4  55F0     		strb r0, [r6, +r7]

#5
#6
#7		{L:26}
(*) UNDEF
005BA0D6  F8DF 7218		ldr r7, [pc, #+536] ; 0x10
005BA0DA  59F0     		ldr r0, [r6, +r7]

#8		{L:26}
(-) UDINT
005BA0DC  1C40     		add r0, r0, #1

#9		{L:26}
(*) UDINT
005BA0DE  F8DF 7210		ldr r7, [pc, #+528] ; 0x10
005BA0E2  51F0     		str r0, [r6, +r7]

#10
#11
#12
#13		{L:31}
(-) UNDEF
005BA0E4  2001     		mov r0, #1 ; 1

#14		{L:31}
(-) BOOL
005BA0E6  4600     		mov r0, r0
005BA0E8  F8DF 4218		ldr r4, [pc, #+536] ; 0x416765
005BA0EC  F044 0401		orr r4, r4, #1
005BA0F0  47A0     		blx r4

#15		{L:31}
(*) UDINT
005BA0F2  F8DF 7200		ldr r7, [pc, #+512] ; 0x14
005BA0F6  59F7     		ldr r7, [r6, +r7]
005BA0F8  1BC0     		sub r0, r0, r7

#16		{L:31}
(*) UDINT
005BA0FA  F8DF 720C		ldr r7, [pc, #+524] ; 0x5BA0A4
005BA0FE  883F     		ldrh r7, [r7]
005BA100  42B8     		cmp r0, r7
005BA102  BF98 2000		lsmov r0, #0
005BA106  BF88 2001		himov r0, #1

#17		{L:31}
(-) BOOL
005BA10A  2800     		cmp r0, #0
005BA10C  D004     		beq #8 ; 0x005BA118


#18
#19
#20
#21
#22		{L:31}
(*) BOOL
005BA110  2000     		mov r0, #0 ; 0
005BA112  F8DF 71D4		ldr r7, [pc, #+468] ; 0xD
005BA116  55F0     		strb r0, [r6, +r7]

#23
#24
#25
#26
#27
#28
#29		{L:35}
(*) UNDEF
005BA118  F8DF 71DC		ldr r7, [pc, #+476] ; 0x18
005BA11C  5DF0     		ldrb r0, [r6, +r7]

#30		{L:35}
(*) BOOL
005BA11E  F8DF 71CC		ldr r7, [pc, #+460] ; 0xE
005BA122  5DF7     		ldrb r7, [r6, +r7]
005BA124  42B8     		cmp r0, r7
005BA126  BF18 2000		nemov r0, #0
005BA12A  BF08 2001		eqmov r0, #1

#31		{L:35}
(-) BOOL
005BA12E  2800     		cmp r0, #0
005BA130  D002     		beq #4 ; 0x005BA138


#32
#33
#34
#35
#36
#37
(-) BOOL
005BA134  E0CE     		b #412 ; 0x005BA2D4


#38
#39
#40
#41
#42		{L:36}
(*) BOOL
005BA138  F8DF 71BC		ldr r7, [pc, #+444] ; 0x18
005BA13C  5DF0     		ldrb r0, [r6, +r7]
005BA13E  F8DF 71AC		ldr r7, [pc, #+428] ; 0xE
005BA142  55F0     		strb r0, [r6, +r7]

#43
#44
#45
#46		{L:41}
(*) UNDEF
005BA144  F8DF 71A8		ldr r7, [pc, #+424] ; 0x10
005BA148  59F0     		ldr r0, [r6, +r7]

#47		{L:41}
(*) UDINT
005BA14A  2802     		cmp r0, #2
005BA14C  BF28 2000		hsmov r0, #0
005BA150  BF38 2001		lomov r0, #1

#48		{L:41}
(-) BOOL
005BA154  2800     		cmp r0, #0
005BA156  D004     		beq #8 ; 0x005BA162


#49
#50
#51
#52
#53		{L:41}
(*) BOOL
005BA15A  2000     		mov r0, #0 ; 0
005BA15C  F8DF 7188		ldr r7, [pc, #+392] ; 0xD
005BA160  55F0     		strb r0, [r6, +r7]

#54
#55
#56
#57
#58
#59
#60		{L:42}
(*) UNDEF
005BA162  F8DF 718C		ldr r7, [pc, #+396] ; 0x10
005BA166  59F0     		ldr r0, [r6, +r7]

#61		{L:42}
(*) UDINT
005BA168  280E     		cmp r0, #14
005BA16A  BF98 2000		lsmov r0, #0
005BA16E  BF88 2001		himov r0, #1

#62		{L:42}
(-) BOOL
005BA172  2800     		cmp r0, #0
005BA174  D004     		beq #8 ; 0x005BA180


#63
#64
#65
#66
#67		{L:42}
(*) BOOL
005BA178  2000     		mov r0, #0 ; 0
005BA17A  F8DF 716C		ldr r7, [pc, #+364] ; 0xD
005BA17E  55F0     		strb r0, [r6, +r7]

#68
#69
#70
#71
#72
#73
#74		{L:47}
(*) UNDEF
005BA180  F8DF 7174		ldr r7, [pc, #+372] ; 0x18
005BA184  5DF0     		ldrb r0, [r6, +r7]

#75		{L:47}
(*) BOOL
005BA186  2800     		cmp r0, #0
005BA188  BF08 2001		eqmov r0, #1
005BA18C  BF18 2000		nemov r0, #0

#76		{L:47}
(-) BOOL
005BA190  2800     		cmp r0, #0
005BA192  D008     		beq #16 ; 0x005BA1A6


#77
#78
#79
#80
#81		{L:47}
(*) BOOL
005BA196  F8DF 7158		ldr r7, [pc, #+344] ; 0x10
005BA19A  59F0     		ldr r0, [r6, +r7]
005BA19C  F8DF 7140		ldr r7, [pc, #+320] ; 0x8
005BA1A0  51F0     		str r0, [r6, +r7]

#82
(-) UDINT
005BA1A2  E006     		b #12 ; 0x005BA1B2


#83
#84
#85
#86
#87
#88		{L:47}
(*) UDINT
005BA1A6  F8DF 7148		ldr r7, [pc, #+328] ; 0x10
005BA1AA  59F0     		ldr r0, [r6, +r7]
005BA1AC  F8DF 712C		ldr r7, [pc, #+300] ; 0x4
005BA1B0  51F0     		str r0, [r6, +r7]

#89
#90
#91
#92
#93
#94		{L:48}
(*) UDINT
005BA1B2  2000     		mov r0, #0 ; 0
005BA1B4  F8DF 7138		ldr r7, [pc, #+312] ; 0x10
005BA1B8  51F0     		str r0, [r6, +r7]

#95
#96
#97
#98		{L:52}
(*) UNDEF
005BA1BA  F8DF 713C		ldr r7, [pc, #+316] ; 0x18
005BA1BE  5DF0     		ldrb r0, [r6, +r7]

#99		{L:52}
(*) BOOL
005BA1C0  2800     		cmp r0, #0
005BA1C2  BF08 2001		eqmov r0, #1
005BA1C6  BF18 2000		nemov r0, #0

#100		{L:52}
(-) BOOL
005BA1CA  2800     		cmp r0, #0
005BA1CC  D002     		beq #4 ; 0x005BA1D4


#101
#102
#103
#104
#105
#106
(-) BOOL
005BA1D0  E080     		b #256 ; 0x005BA2D4


#107
#108
#109
#110
#111
#112		{L:57}
(*) UNDEF
005BA1D4  F8DF 7110		ldr r7, [pc, #+272] ; 0xD
005BA1D8  5DF0     		ldrb r0, [r6, +r7]

#113		{L:57}
(*) BOOL
005BA1DA  2800     		cmp r0, #0
005BA1DC  BF08 2001		eqmov r0, #1
005BA1E0  BF18 2000		nemov r0, #0

#114		{L:57}
(-) BOOL
005BA1E4  2800     		cmp r0, #0
005BA1E6  D031     		beq #98 ; 0x005BA24C


#115
#116
#117
#118
#119
#120		{L:58}
(*) UNDEF
005BA1EA  F8DF 70F4		ldr r7, [pc, #+244] ; 0x8
005BA1EE  59F0     		ldr r0, [r6, +r7]

#121		{L:58}
(*) UDINT
005BA1F0  2803     		cmp r0, #3
005BA1F2  BF38 2000		lomov r0, #0
005BA1F6  BF28 2001		hsmov r0, #1

#122		{L:58}
(*) BOOL
005BA1FA  B082     		sub sp, sp, #8
005BA1FC  F8CD 0000		str r0, [sp]
005BA200  F8DF 70D8		ldr r7, [pc, #+216] ; 0x4
005BA204  59F0     		ldr r0, [r6, +r7]

#123		{L:58}
(*) UDINT
005BA206  286E     		cmp r0, #110
005BA208  BF98 2000		lsmov r0, #0
005BA20C  BF88 2001		himov r0, #1

#124		{L:58}
(*) BOOL
005BA210  4607     		mov r7, r0
005BA212  F8DD 0000		ldr r0, [sp]
005BA216  B002     		add sp, sp, #8
005BA218  4038     		and r0, r0, r7

#125		{L:58}
(-) BOOL
005BA21A  2800     		cmp r0, #0
005BA21C  D014     		beq #40 ; 0x005BA248


#126
#127
#128
#129
#130		{L:59}
(-) UNDEF
005BA220  2001     		mov r0, #1 ; 1

#131		{L:59}
(-) BOOL
005BA222  4600     		mov r0, r0
005BA224  F8DF 40DC		ldr r4, [pc, #+220] ; 0x416765
005BA228  F044 0401		orr r4, r4, #1
005BA22C  47A0     		blx r4

#132		{L:59}
(*) UDINT
005BA22E  F8DF 70C4		ldr r7, [pc, #+196] ; 0x14
005BA232  51F0     		str r0, [r6, +r7]

#133
#134
#135		{L:60}
(*) UDINT
005BA234  2001     		mov r0, #1 ; 1
005BA236  F8DF 70B0		ldr r7, [pc, #+176] ; 0xD
005BA23A  55F0     		strb r0, [r6, +r7]

#136
#137
#138		{L:61}
(*) BOOL
005BA23C  2000     		mov r0, #0 ; 0
005BA23E  F8DF 70A4		ldr r7, [pc, #+164] ; 0xC
005BA242  55F0     		strb r0, [r6, +r7]

#139
#140
#141		{L:62}
(*) USINT
005BA244  2000     		mov r0, #0 ; 0
005BA246  6030     		str r0, [r6]

#142
#143
#144
#145
#146
#147
#148
(-) DWORD
005BA248  E044     		b #136 ; 0x005BA2D4


#149
#150
#151
#152
#153
#154		{L:70}
(*) UNDEF
005BA24C  F8DF 7090		ldr r7, [pc, #+144] ; 0x8
005BA250  59F0     		ldr r0, [r6, +r7]

#155		{L:70}
(*) UDINT
005BA252  F8DF 7088		ldr r7, [pc, #+136] ; 0x4
005BA256  59F7     		ldr r7, [r6, +r7]
005BA258  42B8     		cmp r0, r7
005BA25A  BF98 2000		lsmov r0, #0
005BA25E  BF88 2001		himov r0, #1

#156		{L:70}
(-) BOOL
005BA262  2800     		cmp r0, #0
005BA264  D005     		beq #10 ; 0x005BA272


#157
#158
#159
#160
#161		{L:70}
(-) UNDEF
005BA268  6830     		ldr r0, [r6]

#162		{L:70}
(*) DWORD
005BA26A  2702     		mov r7, #2 ; 2
005BA26C  4378     		mul r0, r0, r7

#163		{L:70}
(-) DWORD
005BA26E  1C40     		add r0, r0, #1

#164		{L:70}
(-) DWORD
005BA270  6030     		str r0, [r6]

#165
#166
#167
#168
#169
#170
#171		{L:71}
(*) UNDEF
005BA272  F8DF 7068		ldr r7, [pc, #+104] ; 0x4
005BA276  59F0     		ldr r0, [r6, +r7]

#172		{L:71}
(*) UDINT
005BA278  F8DF 7064		ldr r7, [pc, #+100] ; 0x8
005BA27C  59F7     		ldr r7, [r6, +r7]
005BA27E  42B8     		cmp r0, r7
005BA280  BF98 2000		lsmov r0, #0
005BA284  BF88 2001		himov r0, #1

#173		{L:71}
(-) BOOL
005BA288  2800     		cmp r0, #0
005BA28A  D005     		beq #10 ; 0x005BA298


#174
#175
#176
#177
#178		{L:71}
(-) UNDEF
005BA28E  6830     		ldr r0, [r6]

#179		{L:71}
(*) DWORD
005BA290  2702     		mov r7, #2 ; 2
005BA292  4378     		mul r0, r0, r7

#180		{L:71}
(-) DWORD
005BA294  1C00     		add r0, r0, #0

#181		{L:71}
(-) DWORD
005BA296  6030     		str r0, [r6]

#182
#183
#184
#185
#186
#187		{L:75}
(*) UNDEF
005BA298  F8DF 7048		ldr r7, [pc, #+72] ; 0xC
005BA29C  5DF0     		ldrb r0, [r6, +r7]

#188		{L:75}
(-) USINT
005BA29E  1C40     		add r0, r0, #1

#189		{L:75}
(*) USINT
005BA2A0  F8DF 7040		ldr r7, [pc, #+64] ; 0xC
005BA2A4  55F0     		strb r0, [r6, +r7]

#190
#191
#192
#193		{L:76}
(*) UNDEF
005BA2A6  F8DF 703C		ldr r7, [pc, #+60] ; 0xC
005BA2AA  5DF0     		ldrb r0, [r6, +r7]

#194		{L:76}
(*) USINT
005BA2AC  2818     		cmp r0, #24
005BA2AE  BFB8 2000		ltmov r0, #0
005BA2B2  BFA8 2001		gemov r0, #1

#195		{L:76}
(-) BOOL
005BA2B6  2800     		cmp r0, #0
005BA2B8  D00C     		beq #24 ; 0x005BA2D4


#196
#197
#198
#199
#200		{L:77}
(*) BOOL
005BA2BC  2000     		mov r0, #0 ; 0
005BA2BE  F8DF 7028		ldr r7, [pc, #+40] ; 0xD
005BA2C2  55F0     		strb r0, [r6, +r7]

#201
#202
#203		{L:78}
(*) BOOL
005BA2C4  6830     		ldr r0, [r6]
005BA2C6  F8DF 7038		ldr r7, [pc, #+56] ; 0x1C
005BA2CA  51F0     		str r0, [r6, +r7]

#204
#205
#206		{L:79}
(*) DWORD
005BA2CC  2001     		mov r0, #1 ; 1
005BA2CE  F8DF 702C		ldr r7, [pc, #+44] ; 0x19
005BA2D2  55F0     		strb r0, [r6, +r7]

005BA2D4  E8BD 4040		ldmia sp!, { r6, lr }

005BA2D8  4770     		bx lr

005BA2DC  00000004		; 0x00000004
005BA2E0  00000008		; 0x00000008
005BA2E4  0000000C		; 0x0000000C
005BA2E8  0000000D		; 0x0000000D
005BA2EC  0000000E		; 0x0000000E
005BA2F0  00000010		; 0x00000010
005BA2F4  00000014		; 0x00000014
005BA2F8  00000018		; 0x00000018
005BA2FC  00000019		; 0x00000019
005BA300  0000001C		; 0x0000001C
005BA304  00416765		; 0x00416765
005BA308  005BA0A4		; 0x005BA0A4


Frame allocation:

	0000       : VAR Pattern
	0004       : VAR LowTm
	0008       : VAR HighTm
	000C       : VAR BitCount
	000D bit  0: VAR Sync
	000E bit  0: VAR Pulse
	0010       : VAR Cycles
	0014       : VAR TimeBf
	0018 bit  0: VAR RFSignal
	0019 bit  0: VAR CodeOk
	001C       : VAR Code

END_FUNCTION_BLOCK
**************************************************
	List program: StartUp
**************************************************

PROGRAM StartUp

        VAR
Ok : BOOL;	{ DE:"Function execution ok" }
	END_VAR

END_PROGRAM

005BA310  E92D 4DF0		stmdb sp!, { r4, r5, r6, r7, r8, r10, fp, lr }

#0		{SRC:StartUp}
#1
#2
#3
#4		{L:8}
(-) UNDEF
005BA314  2003     		mov r0, #3 ; 3

#5		{L:8}
(-) USINT
005BA316  2164     		mov r1, #100 ; 100
005BA318  4600     		mov r0, r0
005BA31A  F8DF 4014		ldr r4, [pc, #+20] ; 0x4167A1
005BA31E  F044 0401		orr r4, r4, #1
005BA322  47A0     		blx r4

#6		{L:8}
(*) BOOL
005BA324  F8DF 700C		ldr r7, [pc, #+12] ; 0x204171D0
005BA328  7038     		strb r0, [r7]

005BA32A  E8BD 4DF0		ldmia sp!, { r4, r5, r6, r7, r8, r10, fp, lr }

005BA32E  4770     		bx lr

005BA330  004167A1		; 0x004167A1
005BA334  204171D0		; 0x204171D0

END_PROGRAM


**************************************************
	Target variable image generation
**************************************************


*** INPUT:
005BA338  4770     		bx lr


*** OUTPUT:
005BA33A  4770     		bx lr



**************************************************
	Task Boot init code
**************************************************

005BA33C  E92D 4DF0		stmdb sp!, { r4, r5, r6, r7, r8, r10, fp, lr }

005BA340  E8BD 4DF0		ldmia sp!, { r4, r5, r6, r7, r8, r10, fp, lr }

005BA344  4770     		bx lr

**************************************************
	List program: CodeAcquisition
**************************************************

PROGRAM CodeAcquisition

        VAR
LInp : SysGetPhrDI;	{ DE:"Logic input acquisistion" }
CodeAcq : HS1527Decoding;	{ DE:"Code acquisition" }
Code : UDINT;
	END_VAR

END_PROGRAM

005BA350  E92D 4DF0		stmdb sp!, { r4, r5, r6, r7, r8, r10, fp, lr }

#0		{SRC:CodeAcquisition}
#1
#2
#3
#4
#5
#6
#7		{R:"1$FB:LInp"}
(*) UDINT
005BA354  20FF     		mov r0, #255 ; 255
005BA356  F8DF 7080		ldr r7, [pc, #+128] ; 0x204171DC
005BA35A  7038     		strb r0, [r7]

#8		{R:"1$FB:LInp"}
(*) USINT
005BA35C  2001     		mov r0, #1 ; 1
005BA35E  F8DF 707C		ldr r7, [pc, #+124] ; 0x204171DD
005BA362  7038     		strb r0, [r7]

#9		{R:"1$FB:LInp"}
(*) USINT
005BA364  E92D 0021		stmdb sp!, { r0, r5 }
005BA368  F8DF 7068		ldr r7, [pc, #+104] ; 0x204171D4
005BA36C  4638     		mov r0, r7
005BA36E  F8DF 405C		ldr r4, [pc, #+92] ; 0x413A91
005BA372  F044 0401		orr r4, r4, #1
005BA376  47A0     		blx r4
005BA378  E8BD 0021		ldmia sp!, { r0, r5 }

#10
#11		{R:"1$O:3"}
(*) UNDEF
005BA37C  F8DF 7060		ldr r7, [pc, #+96] ; 0x204171E0
005BA380  6838     		ldr r0, [r7]

#12		{R:"1$O:3"}
(*) DWORD
005BA382  2701     		mov r7, #1 ; 1
005BA384  4038     		and r0, r0, r7

#13
#14
#15		{R:"1$F:5"}
(*) DWORD
005BA386  2800     		cmp r0, #0
005BA388  BF18 2001		nemov r0, #1
005BA38C  BF08 2000		eqmov r0, #0

#16		{R:"1$F:5"}
(*) BOOL
005BA390  F8DF 7054		ldr r7, [pc, #+84] ; 0x204171FC
005BA394  7038     		strb r0, [r7]

#17
#18
#19		{R:"1$FB:CodeAcq"}
(*) BOOL
005BA396  E92D 0021		stmdb sp!, { r0, r5 }
005BA39A  F8DF 7048		ldr r7, [pc, #+72] ; 0x204171E4
005BA39E  463D     		mov r5, r7
005BA3A0  F8DF 402C		ldr r4, [pc, #+44] ; 0x5BA0C8
005BA3A4  F044 0401		orr r4, r4, #1
005BA3A8  47A0     		blx r4
005BA3AA  E8BD 0021		ldmia sp!, { r0, r5 }

#20
#21		{R:"1$O:6"}
(*) UNDEF
005BA3AE  F8DF 703C		ldr r7, [pc, #+60] ; 0x204171FD
005BA3B2  7838     		ldrb r0, [r7]

#22		{R:"1$O:6"}
(-) BOOL
005BA3B4  2800     		cmp r0, #0
005BA3B6  D006     		beq #12 ; 0x005BA3C6


#23
#24		{R:"1$O:6"}
(*) BOOL
005BA3BA  F8DF 7034		ldr r7, [pc, #+52] ; 0x20417200
005BA3BE  6838     		ldr r0, [r7]
005BA3C0  F8DF 7030		ldr r7, [pc, #+48] ; 0x20417204
005BA3C4  6038     		str r0, [r7]

005BA3C6  E8BD 4DF0		ldmia sp!, { r4, r5, r6, r7, r8, r10, fp, lr }

005BA3CA  4770     		bx lr

005BA3CC  00413A91		; 0x00413A91
005BA3D0  005BA0C8		; 0x005BA0C8
005BA3D4  204171D4		; 0x204171D4
005BA3D8  204171DC		; 0x204171DC
005BA3DC  204171DD		; 0x204171DD
005BA3E0  204171E0		; 0x204171E0
005BA3E4  204171E4		; 0x204171E4
005BA3E8  204171FC		; 0x204171FC
005BA3EC  204171FD		; 0x204171FD
005BA3F0  20417200		; 0x20417200
005BA3F4  20417204		; 0x20417204

END_PROGRAM


**************************************************
	Target variable image generation
**************************************************


*** INPUT:
005BA3F8  4770     		bx lr


*** OUTPUT:
005BA3FA  4770     		bx lr



**************************************************
	Task Fast init code
**************************************************

005BA3FC  E92D 4DF0		stmdb sp!, { r4, r5, r6, r7, r8, r10, fp, lr }

005BA400  E8BD 4DF0		ldmia sp!, { r4, r5, r6, r7, r8, r10, fp, lr }

005BA404  4770     		bx lr


**************************************************
VIRTUAL TABLES:

--------------------------------------------------------
VIRTUAL TABLES INDEXES
--------------------------------------------------------


**************************************************
	Global init code
**************************************************

005BA420  E92D 4DF0		stmdb sp!, { r4, r5, r6, r7, r8, r10, fp, lr }

005BA424  E8BD 4DF0		ldmia sp!, { r4, r5, r6, r7, r8, r10, fp, lr }

005BA428  4770     		bx lr



********************************************
MEMORY MAP
********************************************

Code area type:			main code
Start code area:		  5BA000h
End code area:			  5BA430h
Code size:			     430h

Start local data area:		204171C4h
End local data area:		20417208h
Local data size:		      44h

Start retentive data area:	20416DD8h
End retentive data area:	20416DD8h
Retentive data size:		       0h

Start bit data area:		       0h
End bit data area:		       0h
Bit data size:			       0h



********************************************
CODE ID:                                85AD0ED6
DEBUG MEMO ID:                          0000F1CE
FULL MEMO ID:                           00007F4B
********************************************
